CONNECTED(00000003)
SSL_connect:before SSL initialization
write to 0x152f24a30 [0x153029400] (225 bytes => 225 (0xE1))
0000 - 16 03 01 00 dc 01 00 00-d8 03 03 46 ca f4 5e 7b   ...........F..^{
0010 - 1d 11 df a2 08 37 8c 3e-24 ed 76 36 81 79 43 ad   .....7.>$.v6.yC.
0020 - 80 42 03 32 f3 03 be 96-f6 80 81 20 b4 1b 05 bb   .B.2....... ....
0030 - 99 6b 4b e9 1c 6f 47 af-ac 62 9f 91 5d e4 d2 79   .kK..oG..b..]..y
0040 - 11 d4 d4 8f 4f 8d cf 55-79 d4 09 06 00 08 13 02   ....O..Uy.......
0050 - 13 03 13 01 00 ff 01 00-00 87 00 0b 00 04 03 00   ................
0060 - 01 02 00 0a 00 16 00 14-00 1d 00 17 00 1e 00 19   ................
0070 - 00 18 01 00 01 01 01 02-01 03 01 04 00 23 00 00   .............#..
0080 - 00 16 00 00 00 17 00 00-00 0d 00 1e 00 1c 04 03   ................
0090 - 05 03 06 03 08 07 08 08-08 09 08 0a 08 0b 08 04   ................
00a0 - 08 05 08 06 04 01 05 01-06 01 00 2b 00 03 02 03   ...........+....
00b0 - 04 00 2d 00 02 01 01 00-33 00 26 00 24 00 1d 00   ..-.....3.&.$...
00c0 - 20 68 16 3d 76 e4 1b 04-df 87 8e 01 25 a0 f0 63    h.=v.......%..c
00d0 - e1 53 70 80 24 ba f1 08-d9 8c 1f b4 9c 6d 6c 7b   .Sp.$........ml{
00e0 - 2e                                                .
SSL_connect:SSLv3/TLS write client hello
read from 0x152f24a30 [0x153020003] (5 bytes => 5 (0x5))
0000 - 16 03 03 00 7a                                    ....z
read from 0x152f24a30 [0x153020008] (122 bytes => 122 (0x7A))
0000 - 02 00 00 76 03 03 30 14-ba 46 8d 92 06 74 a7 51   ...v..0..F...t.Q
0010 - b4 48 21 8c 68 51 1c 56-72 7a 85 2c 0d fd fa 4f   .H!.hQ.Vrz.,...O
0020 - 38 a8 25 91 89 5d 20 b4-1b 05 bb 99 6b 4b e9 1c   8.%..] .....kK..
0030 - 6f 47 af ac 62 9f 91 5d-e4 d2 79 11 d4 d4 8f 4f   oG..b..]..y....O
0040 - 8d cf 55 79 d4 09 06 13-02 00 00 2e 00 2b 00 02   ..Uy.........+..
0050 - 03 04 00 33 00 24 00 1d-00 20 5d 46 fb ec 89 89   ...3.$... ]F....
0060 - cf 86 a9 ec c1 04 a4 24-f7 44 19 2a 59 16 f7 a6   .......$.D.*Y...
0070 - e8 4c 0e 90 9d 3f 0a f6-7a 5a                     .L...?..zZ
SSL_connect:SSLv3/TLS write client hello
read from 0x152f24a30 [0x153020003] (5 bytes => 5 (0x5))
0000 - 14 03 03 00 01                                    .....
read from 0x152f24a30 [0x153020008] (1 bytes => 1 (0x1))
0000 - 01                                                .
read from 0x152f24a30 [0x153020003] (5 bytes => 5 (0x5))
0000 - 17 03 03 00 17                                    .....
read from 0x152f24a30 [0x153020008] (23 bytes => 23 (0x17))
0000 - f8 9d 25 c0 fb 73 4d 49-c7 71 78 16 47 15 c0 c5   ..%..sMI.qx.G...
0010 - 45 f6 6f 06 35 da a3                              E.o.5..
SSL_connect:SSLv3/TLS read server hello
Can't use SSL_get_servername
read from 0x152f24a30 [0x153020003] (5 bytes => 5 (0x5))
0000 - 17 03 03 03 75                                    ....u
read from 0x152f24a30 [0x153020008] (885 bytes => 885 (0x375))
0000 - 26 c1 eb 59 f6 62 fb 29-a5 92 53 58 a2 1f 5e d8   &..Y.b.)..SX..^.
0010 - 1f 30 94 21 f3 64 07 3c-20 6b b3 a2 be 71 24 bc   .0.!.d.< k...q$.
0020 - a1 1b 9f 12 46 b8 b7 58-d5 2b c2 2e 39 5f 9b e3   ....F..X.+..9_..
0030 - 83 49 e5 12 f9 3b 68 73-ba 9a 82 3d 1c 50 ba 98   .I...;hs...=.P..
0040 - 36 7a f1 8b cc 21 68 ab-b3 16 d1 69 d7 65 7e 78   6z...!h....i.e~x
0050 - 47 5b ba 21 85 48 7a e4-63 59 51 cb aa 03 9b d3   G[.!.Hz.cYQ.....
0060 - df 6b 92 83 93 6d cb e5-4c c9 12 13 6d 72 e0 ba   .k...m..L...mr..
0070 - 6a 01 65 a0 cd ac 8d 72-d4 31 0e 1d 87 da 9e 90   j.e....r.1......
0080 - df 60 a0 b8 b1 bf 5f 84-a1 03 a2 26 e0 63 a6 b4   .`...._....&.c..
0090 - 44 90 62 2b 20 ea e4 e2-c7 77 c5 cc 9b fd aa 98   D.b+ ....w......
00a0 - f8 b7 84 7c 28 3e c0 1a-e0 07 36 f8 62 cf f9 8d   ...|(>....6.b...
00b0 - 3b 6d fe 63 b7 fe 02 61-59 44 63 8d 84 9c a3 ad   ;m.c...aYDc.....
00c0 - 6e 2c 38 05 f0 67 95 bf-ed 4f 5a 51 20 f9 30 cb   n,8..g...OZQ .0.
00d0 - 24 bf 7e d3 7a a5 42 77-cf 0a fd 96 4a c7 6a df   $.~.z.Bw....J.j.
00e0 - bf c4 74 5f 9c c7 31 bd-6f 10 b7 c6 b3 66 01 8a   ..t_..1.o....f..
00f0 - ad f3 a2 2c fe 25 45 e5-64 00 87 c5 4b c7 35 cf   ...,.%E.d...K.5.
0100 - 21 b0 d0 b6 3d a5 fb 15-da f2 6c b2 2c ed 55 f5   !...=.....l.,.U.
0110 - ae fd 82 47 4c 33 ee 78-61 9d cd 6f 9a 74 e1 f2   ...GL3.xa..o.t..
0120 - 8d 76 ab 49 c1 dd 2b 16-e7 3c 4e 4b 4a f7 08 ac   .v.I..+..<NKJ...
0130 - 4e a5 99 02 86 b3 46 47-0e 2c ec 3f e0 b3 1c bd   N.....FG.,.?....
0140 - f4 0a d3 0d 3d ae 41 41-a1 a6 27 08 8f fd d1 79   ....=.AA..'....y
0150 - d2 fe f9 67 0d 32 44 53-f0 42 b3 5d 7f a6 41 7a   ...g.2DS.B.]..Az
0160 - 9a 60 a8 72 33 ed 6b 09-a3 85 18 de 4d de 71 d4   .`.r3.k.....M.q.
0170 - 36 13 0b 97 10 ea aa be-b9 1d 35 00 82 b9 c5 40   6.........5....@
0180 - 50 8d e5 6f bd b4 49 90-a8 45 5c 22 2e 9b d2 0f   P..o..I..E\"....
0190 - b5 74 e5 fb 17 74 e4 40-4d 87 39 cd c4 42 53 8f   .t...t.@M.9..BS.
01a0 - e4 0f 4f 3b 29 b0 9c f1-3d d7 80 31 5e 64 1c 76   ..O;)...=..1^d.v
01b0 - c8 10 9f 14 c0 d5 03 de-cc 63 53 99 d5 c1 47 45   .........cS...GE
01c0 - 84 a1 36 e8 41 14 a3 39-fa 53 69 e1 6b 11 3a 03   ..6.A..9.Si.k.:.
01d0 - e1 f2 ca 60 0e 52 ae 14-e2 16 82 45 42 b3 16 bf   ...`.R.....EB...
01e0 - cd ef 47 53 2b 11 e0 a9-e2 e7 55 17 5b 77 8a 65   ..GS+.....U.[w.e
01f0 - 25 57 2a 4e 5c 91 16 ea-30 c5 d7 7a 81 45 43 27   %W*N\...0..z.EC'
0200 - ac 5c 26 d3 0d 2b fc 90-f4 f4 ff 68 98 b5 9b 55   .\&..+.....h...U
0210 - 7c c5 de c2 8a 93 03 60-34 be b0 90 41 2b a9 2f   |......`4...A+./
0220 - b7 b7 34 d9 f2 ab 0f 7f-5d 25 4b 39 0f 03 89 86   ..4.....]%K9....
0230 - a9 fc 07 73 f3 8d 75 4b-4f f0 f4 5e 62 ac 36 b2   ...s..uKO..^b.6.
0240 - 19 0f 74 76 bd bf 24 15-cd 1b ce 2d 08 02 33 c9   ..tv..$....-..3.
0250 - ad ba c6 3b 55 2e 29 b2-5f 3a 2e 8c e5 2e ab 58   ...;U.)._:.....X
0260 - 1e ca 8d a4 07 52 73 8b-43 f8 96 f1 99 c5 ea db   .....Rs.C.......
0270 - e9 f4 d8 a9 9c 4d 39 8b-b3 50 3d 84 33 70 e4 f3   .....M9..P=.3p..
0280 - d2 38 04 d9 75 ce 7d ee-38 d1 41 b8 49 b3 ca ed   .8..u.}.8.A.I...
0290 - 19 b8 d8 e8 97 26 77 85-f8 85 fa c9 93 ae 3f 74   .....&w.......?t
02a0 - a1 87 b7 79 3a 63 f0 73-e1 26 ad b4 e6 6d 37 c1   ...y:c.s.&...m7.
02b0 - a2 5b 34 38 9b a2 5e 2e-f5 0f 9e d2 96 40 d0 6a   .[48..^......@.j
02c0 - cd ba 32 dd 38 4d ee 44-5d d2 dd 65 da 97 3f e6   ..2.8M.D]..e..?.
02d0 - dc 87 97 f2 86 10 04 ee-74 9d 79 99 a6 52 ef 8b   ........t.y..R..
02e0 - 4f 0c 34 a8 13 bd e7 02-06 66 0b 4b 6e b2 bd 4c   O.4......f.Kn..L
02f0 - 95 71 64 8a 8f b1 92 dd-15 4e f7 8e 58 b7 bc 7c   .qd......N..X..|
0300 - 0e b8 4d e9 6d e0 29 2d-58 ec ec 82 c4 64 8d cf   ..M.m.)-X....d..
0310 - 44 4d e6 d7 bc d2 32 c1-26 73 4e d6 b1 8a 5c 39   DM....2.&sN...\9
0320 - db 5f a0 94 4b a2 60 ac-59 0d 9c 79 38 2e 01 3b   ._..K.`.Y..y8..;
0330 - 80 11 79 1d b5 27 86 47-ba b0 da c2 3a 4c ac e8   ..y..'.G....:L..
0340 - f9 93 6e da 42 3f d5 4c-72 17 68 e7 8f 35 42 d2   ..n.B?.Lr.h..5B.
0350 - e6 b0 4e a7 55 0f e1 4c-67 a2 0a dd 85 be 55 17   ..N.U..Lg.....U.
0360 - 2f 10 ab 83 ec 13 c6 58-da 32 96 aa 62 53 55 52   /......X.2..bSUR
0370 - c8 51 2a 72 d8                                    .Q*r.
SSL_connect:TLSv1.3 read encrypted extensions
depth=0 C = CN, ST = shanghai, L = shanghai, O = Liam, OU = test, CN = tls13-test
verify error:num=18:self-signed certificate
verify return:1
depth=0 C = CN, ST = shanghai, L = shanghai, O = Liam, OU = test, CN = tls13-test
verify return:1
read from 0x152f24a30 [0x153020003] (5 bytes => 5 (0x5))
0000 - 17 03 03 01 19                                    .....
read from 0x152f24a30 [0x153020008] (281 bytes => 281 (0x119))
0000 - 33 09 bc 96 86 8d 20 3e-12 66 43 c2 00 6b 9d 78   3..... >.fC..k.x
0010 - 5d 07 0b f3 ce 81 08 99-3b d1 c9 b8 92 0d 21 9c   ].......;.....!.
0020 - 15 69 c0 f5 32 97 fe cd-e2 82 ea 04 4a 4a 9d 8c   .i..2.......JJ..
0030 - e6 2a 9c 1b 94 da 6a 54-2a ce 76 2e 44 16 5a 3a   .*....jT*.v.D.Z:
0040 - b8 54 92 1e 8c dc d1 08-3b 4e ff 93 92 e8 fa 5b   .T......;N.....[
0050 - b0 f8 1a ed a3 a4 e1 63-52 cf f9 ad aa 9f 4e 88   .......cR.....N.
0060 - 5e 1b e6 f5 97 ca e2 00-a3 d7 aa 48 ee cd 2d 0f   ^..........H..-.
0070 - fb 27 b1 88 8b 31 b0 60-14 c2 7a a7 a7 07 43 2d   .'...1.`..z...C-
0080 - 99 b2 dd ec 6c cd 4e 49-bf 1e 46 77 6c f5 d7 b6   ....l.NI..Fwl...
0090 - a6 64 f8 1b 19 54 c1 93-f0 03 dd ef d0 57 60 3e   .d...T.......W`>
00a0 - e4 85 b6 02 de cb 83 b0-87 d9 2d 39 08 28 77 0f   ..........-9.(w.
00b0 - f6 44 49 26 07 61 09 7e-d8 ae 3f a4 0f 13 88 bd   .DI&.a.~..?.....
00c0 - a2 34 c7 fd 65 07 fe 20-dd 96 1e 02 40 c7 c9 88   .4..e.. ....@...
00d0 - e7 e3 96 07 06 8c 77 1b-92 c8 9d ff fb 03 72 64   ......w.......rd
00e0 - fb b7 d7 b5 9a 0a 77 c9-ea 64 d5 31 60 d3 b9 8f   ......w..d.1`...
00f0 - 41 b0 cf c6 3e d8 13 f1-26 92 a3 85 7b 3c cd ce   A...>...&...{<..
0100 - db 96 b4 07 01 38 3e 47-12 93 8e 99 84 07 04 98   .....8>G........
0110 - 30 c7 71 6d 06 72 73 98-53                        0.qm.rs.S
SSL_connect:SSLv3/TLS read server certificate
read from 0x152f24a30 [0x153020003] (5 bytes => 5 (0x5))
0000 - 17 03 03 00 45                                    ....E
read from 0x152f24a30 [0x153020008] (69 bytes => 69 (0x45))
0000 - e1 c0 43 88 53 90 b1 54-89 c6 07 82 82 1a c1 eb   ..C.S..T........
0010 - 1b 15 c4 54 12 6f d6 e2-3e 59 e3 81 41 cf 29 47   ...T.o..>Y..A.)G
0020 - 9d 22 13 2c b5 9a e2 e4-46 11 e0 23 05 9d 91 1e   .".,....F..#....
0030 - 52 e7 26 23 4b 14 32 96-e6 d6 4c 22 8a 8a 04 0a   R.&#K.2...L"....
0040 - d0 5e 9c f8 93                                    .^...
SSL_connect:TLSv1.3 read server certificate verify
SSL_connect:SSLv3/TLS read finished
SSL_connect:SSLv3/TLS write change cipher spec
write to 0x152f24a30 [0x153029400] (80 bytes => 80 (0x50))
0000 - 14 03 03 00 01 01 17 03-03 00 45 f6 0f 4f e4 8a   ..........E..O..
0010 - 9c d7 ad a4 02 d0 6d 7b-f5 0b 86 5f 90 7b 8b 2b   ......m{..._.{.+
0020 - 07 63 b3 d8 68 b9 9d ee-5f 6e c0 89 43 2d 5f ca   .c..h..._n..C-_.
0030 - ad bc b9 57 3a 10 88 95-b1 89 e9 4b 7d ec c5 6e   ...W:......K}..n
0040 - 4c 30 63 5e 9e 2e ee 62-09 37 fb 19 19 70 6b 61   L0c^...b.7...pka
SSL_connect:SSLv3/TLS write finished
---
Certificate chain
 0 s:C = CN, ST = shanghai, L = shanghai, O = Liam, OU = test, CN = tls13-test
   i:C = CN, ST = shanghai, L = shanghai, O = Liam, OU = test, CN = tls13-test
   a:PKEY: rsaEncryption, 2048 (bit); sigalg: RSA-SHA256
   v:NotBefore: Nov 13 12:10:51 2023 GMT; NotAfter: Nov 10 12:10:51 2033 GMT
---
Server certificate
-----BEGIN CERTIFICATE-----
MIIDUzCCAjsCFBqvUoPqhE5Ihu79stunAqnVp3PTMA0GCSqGSIb3DQEBCwUAMGYx
CzAJBgNVBAYTAkNOMREwDwYDVQQIDAhzaGFuZ2hhaTERMA8GA1UEBwwIc2hhbmdo
YWkxDTALBgNVBAoMBExpYW0xDTALBgNVBAsMBHRlc3QxEzARBgNVBAMMCnRsczEz
LXRlc3QwHhcNMjMxMTEzMTIxMDUxWhcNMzMxMTEwMTIxMDUxWjBmMQswCQYDVQQG
EwJDTjERMA8GA1UECAwIc2hhbmdoYWkxETAPBgNVBAcMCHNoYW5naGFpMQ0wCwYD
VQQKDARMaWFtMQ0wCwYDVQQLDAR0ZXN0MRMwEQYDVQQDDAp0bHMxMy10ZXN0MIIB
IjANBgkqhkiG9w0BAQEFAAOCAQ8AMIIBCgKCAQEAuCY3xCN0tQOHsDa6KXMqDM1F
vYLmtEziuUrSlObigaHmFx2dwmZiZnuLwblw9YOQhdbaMPtxuVRz9HZy09QIDKH+
OTr5vUu6ZtOqWfkpbmq0vuUUtNpwTbbWHS4qsTkSRdsQylSaFwv1cfqV16eLcbPg
QKrODXzEY0SFkw0eDofa2IG4KGPXUV2io8/1XMZO/ryaJNJuPhO5+3PFrbs4oDH+
yU2mbYaIcF1KoSvYNCtSJUwz5K4vkn/QUCVbsrGuMVCoMWqInLVYCIaNRs3IyJJY
/4V+0h6kcZ2BilMq0Eu6OqwrAEeToCbGkdrYbFT4q3iaZjkCSunaGTaSFkDBaQID
AQABMA0GCSqGSIb3DQEBCwUAA4IBAQBIZxyyo+tJO/E0j1z+YfhsOYk3+uvczDFg
4JhLoJC6SrpLSSBIgDhoJqpVHIwceP6h7BmZfOwNPfVusBYiL6SIaqY4RdWPEJtg
sK5qGvSikNeBpvfsWtTijmoqx+8Oj+UH9qp+DCXBqjRsM1k/wkGnI4eAJKuCwy9Y
tgY7gbdIN7a77KHVAejbN93uwfBkNbahtL9xellwiBAqXPFBI6NyvnIHqkiWZPFm
eBpIoa1pTr83QTW2GBsAnyn1AuWkArNG1kuqYdsAdQ+g+24o76tk2qUxHkU3FNVI
7LhJJllVTvYoV94pBtffYCJtoEKfSGFtLyrSIsObjn9YraNBmcZE
-----END CERTIFICATE-----
subject=C = CN, ST = shanghai, L = shanghai, O = Liam, OU = test, CN = tls13-test
issuer=C = CN, ST = shanghai, L = shanghai, O = Liam, OU = test, CN = tls13-test
---
No client certificate CA names sent
Peer signing digest: SHA256
Peer signature type: RSA-PSS
Server Temp Key: X25519, 253 bits
---
SSL handshake has read 1411 bytes and written 305 bytes
Verification error: self-signed certificate
---
New, TLSv1.3, Cipher is TLS_AES_256_GCM_SHA384
Server public key is 2048 bit
This TLS version forbids renegotiation.
Compression: NONE
Expansion: NONE
No ALPN negotiated
Early data was not sent
Verify return code: 18 (self-signed certificate)
---
read from 0x152f24a30 [0x153020003] (5 bytes => 5 (0x5))
0000 - 17 03 03 00 fa                                    .....
read from 0x152f24a30 [0x153020008] (250 bytes => 250 (0xFA))
0000 - 60 dc a7 e0 b1 7c 73 02-2d 65 68 ab ab 42 7b d1   `....|s.-eh..B{.
0010 - 71 0f 74 c1 8e bc 0e d5-25 1b 1c 14 1e 2e 2e 60   q.t.....%......`
0020 - c1 5f ed 0e b1 f4 7e 6d-db a8 45 7d 72 da ea 4d   ._....~m..E}r..M
0030 - e9 cd 45 18 10 49 6c 63-ec 30 03 c6 ac 08 a8 c3   ..E..Ilc.0......
0040 - d8 f8 7a 7a 61 eb 70 8d-2c e4 1f 7b 08 02 b3 e3   ..zza.p.,..{....
0050 - 00 7c f3 59 1c 62 e7 15-9d fa 5d 31 62 02 9b 96   .|.Y.b....]1b...
0060 - e0 5d 09 59 71 00 e0 37-5e 43 5f 99 fa 12 08 39   .].Yq..7^C_....9
0070 - e9 93 31 74 07 d0 e8 c3-bb e6 68 f4 a1 40 f2 da   ..1t......h..@..
0080 - b0 2b e1 1e 97 29 72 81-a5 fa 70 64 bd ff ed 06   .+...)r...pd....
0090 - 48 c2 2b 1d e2 f2 b9 59-29 85 24 ba ff 38 d7 24   H.+....Y).$..8.$
00a0 - f9 33 f3 4d db 60 a0 e3-d3 56 1d 8d fc 1c ac 33   .3.M.`...V.....3
00b0 - 53 54 fd 51 e2 a8 d2 7e-3c fe 89 c4 6e a5 3f 24   ST.Q...~<...n.?$
00c0 - 13 f0 de d5 37 f0 01 04-ed 47 cf c4 da d3 e2 b1   ....7....G......
00d0 - a5 75 5f c4 29 9c 34 be-4c e1 d3 3d 73 cc 03 a7   .u_.).4.L..=s...
00e0 - ed 89 0f 55 4b 7c 7f c9-77 6d b8 4d fc 20 b4 fc   ...UK|..wm.M. ..
00f0 - 41 88 1c 0c fb d3 f4 27-0c a7                     A......'..
SSL_connect:SSL negotiation finished successfully
SSL_connect:SSL negotiation finished successfully
---
Post-Handshake New Session Ticket arrived:
SSL-Session:
    Protocol  : TLSv1.3
    Cipher    : TLS_AES_256_GCM_SHA384
    Session-ID: 2100D6C8CC98CF20502CA1B9A8AC825B433D7C53D364AAE4B8F623AFF622FFB3
    Session-ID-ctx: 
    Resumption PSK: 5115E6AC344387FBCF23AB98BB7024D1705E8464248E00A85C175D3D9153CD3EF6655E4BA7E9A53F740C915DF32230D3
    PSK identity: None
    PSK identity hint: None
    SRP username: None
    TLS session ticket lifetime hint: 7200 (seconds)
    TLS session ticket:
    0000 - 1b 18 ee 36 bd 1d 2f 50-2e b9 6d 2a 8a 96 d5 03   ...6../P..m*....
    0010 - 41 7a 02 e8 70 0e 78 73-94 12 45 98 69 1e 7c 93   Az..p.xs..E.i.|.
    0020 - 12 4b 8f 2d f8 08 51 c1-a0 e6 23 26 5d 7a d5 2d   .K.-..Q...#&]z.-
    0030 - 78 71 ba 23 e6 ea 77 31-ff ad 92 44 f9 05 7c 84   xq.#..w1...D..|.
    0040 - 39 90 dd d3 9b 8f 7f 5c-2e 45 39 cd 25 3c 89 87   9......\.E9.%<..
    0050 - 4c 02 cc 01 de 2b 79 b6-cb 30 f8 0b e5 33 32 b9   L....+y..0...32.
    0060 - 58 1e cb d0 35 f0 18 25-16 0f 33 e3 42 0e 24 3f   X...5..%..3.B.$?
    0070 - 88 72 ae d8 ad 5c 9f d9-fc 7a 19 3f 5d 00 6e fb   .r...\...z.?].n.
    0080 - e1 68 e7 86 01 0f f9 eb-a1 4f a3 7c 9d 01 7b 11   .h.......O.|..{.
    0090 - 84 96 8c da 3f 64 48 9b-6e dd d0 48 a6 be 39 8f   ....?dH.n..H..9.
    00a0 - ee b6 46 3c 00 e5 ab 9c-29 66 b4 f6 d3 1b 6b a9   ..F<....)f....k.
    00b0 - b8 c4 43 fb 59 8c 5d 9a-70 31 40 cd 0d a2 fb cc   ..C.Y.].p1@.....
    00c0 - 3c 91 51 d5 27 a4 33 dd-60 16 92 98 96 44 b1 6f   <.Q.'.3.`....D.o

    Start Time: 1699889289
    Timeout   : 7200 (sec)
    Verify return code: 18 (self-signed certificate)
    Extended master secret: no
    Max Early Data: 0
---
SSL_connect:SSLv3/TLS read server session ticket
read R BLOCK
read from 0x152f24a30 [0x153020003] (5 bytes => 5 (0x5))
0000 - 17 03 03 00 fa                                    .....
read from 0x152f24a30 [0x153020008] (250 bytes => 250 (0xFA))
0000 - a3 6c e3 60 bf bd 49 72-17 aa 1e 50 cc 78 fa 2e   .l.`..Ir...P.x..
0010 - 2e b3 67 65 81 2e 34 a6-3e de 3c 34 14 44 ac ba   ..ge..4.>.<4.D..
0020 - a8 46 95 fa 6f 81 5e be-51 19 2f 4b 5c e2 e0 de   .F..o.^.Q./K\...
0030 - 0e f2 e1 2c 45 91 58 be-81 60 bc 4d 87 a6 8d c9   ...,E.X..`.M....
0040 - c3 db c8 81 53 e8 2a 30-92 b8 bc 42 9b 26 58 53   ....S.*0...B.&XS
0050 - 30 05 80 62 3c 98 d3 b1-43 3b 65 98 cc 16 ac 24   0..b<...C;e....$
0060 - c0 2f 9a f5 47 80 3c 85-51 78 7d 4e f6 cf 45 6d   ./..G.<.Qx}N..Em
0070 - 80 14 bc 4c 9f 7b 31 dd-bf ae 35 4f cd 89 69 47   ...L.{1...5O..iG
0080 - 4d 80 35 00 39 5e f1 68-65 b4 38 93 ad ce 4c 71   M.5.9^.he.8...Lq
0090 - 3a 23 dc 37 8d f0 cb 72-cb 12 c9 48 17 96 33 56   :#.7...r...H..3V
00a0 - 88 98 f8 4e a8 5f b6 60-70 49 c2 cd 2e f1 4a 95   ...N._.`pI....J.
00b0 - 05 eb c3 10 74 e9 f5 61-7d 82 a5 0a 4d 37 4e 33   ....t..a}...M7N3
00c0 - 88 bd 82 5b 30 2a 2e 46-cc 2b fd 31 a7 e7 1f ad   ...[0*.F.+.1....
00d0 - 23 97 ea ec 6f ce 56 4f-c4 8c fc ff ac ca 66 b4   #...o.VO......f.
00e0 - 6d d2 2f 15 70 62 2d e5-10 f1 dc 32 6d bf 03 94   m./.pb-....2m...
00f0 - ac 40 f3 41 d1 4d 4e 0a-b2 c7                     .@.A.MN...
SSL_connect:SSL negotiation finished successfully
SSL_connect:SSL negotiation finished successfully
---
Post-Handshake New Session Ticket arrived:
SSL-Session:
    Protocol  : TLSv1.3
    Cipher    : TLS_AES_256_GCM_SHA384
    Session-ID: B9E3AF7028466CD7247C5DCB76591C3E7AA2ED50C5F019D2A805B6BC548B5E0D
    Session-ID-ctx: 
    Resumption PSK: 45E373C0F1A76FD88710D6B2E0F85C1053D036DAD707CE4903122F66DB5C15EBEA3B5D2C94371734BFBE52AC277384F1
    PSK identity: None
    PSK identity hint: None
    SRP username: None
    TLS session ticket lifetime hint: 7200 (seconds)
    TLS session ticket:
    0000 - 1b 18 ee 36 bd 1d 2f 50-2e b9 6d 2a 8a 96 d5 03   ...6../P..m*....
    0010 - 6f 20 c0 19 30 1e 19 18-f0 57 59 e0 29 f6 9e 9b   o ..0....WY.)...
    0020 - bf 7b fc 42 b7 64 e8 9e-4d 68 65 81 26 17 d0 5d   .{.B.d..Mhe.&..]
    0030 - 9b 89 85 23 c5 a9 a1 ab-a0 a0 61 a7 b7 e9 28 49   ...#......a...(I
    0040 - 39 81 8c ae 28 b8 ed 0c-9b cb 7e c5 fa f5 54 2c   9...(.....~...T,
    0050 - d4 b2 3f ae ab 58 f4 38-2b a0 fa 6c cc f2 71 0a   ..?..X.8+..l..q.
    0060 - f7 ce c9 e7 60 29 e9 a1-3a 83 f1 75 ed 37 7c a2   ....`)..:..u.7|.
    0070 - d2 aa a1 df f8 25 58 1d-ea d5 d2 49 d5 3a dd 58   .....%X....I.:.X
    0080 - b3 b1 e3 0d 3b 8e 3f 67-60 5f 6e dc a6 0c ba 06   ....;.?g`_n.....
    0090 - 1b 15 b2 bb 15 58 b1 11-6b 2d 77 a7 6f 83 0f 8c   .....X..k-w.o...
    00a0 - 7b e1 e3 e7 2e dd 0e 2e-d9 e2 49 d3 2c 60 46 1c   {.........I.,`F.
    00b0 - 16 4e f9 91 20 2d f6 95-77 63 78 3a 03 2a 9c 37   .N.. -..wcx:.*.7
    00c0 - 33 3f ad a4 cc 85 6f 44-29 e5 b6 e1 e2 a0 12 aa   3?....oD).......

    Start Time: 1699889289
    Timeout   : 7200 (sec)
    Verify return code: 18 (self-signed certificate)
    Extended master secret: no
    Max Early Data: 0
---
SSL_connect:SSLv3/TLS read server session ticket
read R BLOCK
Hi server! Im always wondering why I have so many projects... I feal frustrated.
write to 0x152f24a30 [0x153024203] (103 bytes => 103 (0x67))
0000 - 17 03 03 00 62 de a0 da-d8 87 bf 34 a8 c2 cf b1   ....b......4....
0010 - 2d bc 78 b2 08 ac c7 8f-00 bd 93 3d 94 6a a1 27   -.x........=.j.'
0020 - 8f 7d 7c 63 52 28 ae ca-74 14 8f d6 df 64 2f fc   .}|cR(..t....d/.
0030 - 86 77 5c ca 4a e1 19 2f-66 8d 4b db 14 dc 0c 3b   .w\.J../f.K....;
0040 - 9f 8a 25 f9 fc af 0f 66-2a 5a 40 53 0e e9 fd b5   ..%....f*Z@S....
0050 - 21 bd 50 76 64 30 77 d7-1c f3 84 22 c8 4d 0d f5   !.Pvd0w....".M..
0060 - a9 b7 1a b9 78 57 8c                              ....xW.