Using default temp DH parameters
ACCEPT
SSL_accept:before SSL initialization
read from 0x12eee3d70 [0x12f01ce03] (5 bytes => 5 (0x5))
0000 - 16 03 01 00 dc                                    .....
read from 0x12eee3d70 [0x12f01ce08] (220 bytes => 220 (0xDC))
0000 - 01 00 00 d8 03 03 46 ca-f4 5e 7b 1d 11 df a2 08   ......F..^{.....
0010 - 37 8c 3e 24 ed 76 36 81-79 43 ad 80 42 03 32 f3   7.>$.v6.yC..B.2.
0020 - 03 be 96 f6 80 81 20 b4-1b 05 bb 99 6b 4b e9 1c   ...... .....kK..
0030 - 6f 47 af ac 62 9f 91 5d-e4 d2 79 11 d4 d4 8f 4f   oG..b..]..y....O
0040 - 8d cf 55 79 d4 09 06 00-08 13 02 13 03 13 01 00   ..Uy............
0050 - ff 01 00 00 87 00 0b 00-04 03 00 01 02 00 0a 00   ................
0060 - 16 00 14 00 1d 00 17 00-1e 00 19 00 18 01 00 01   ................
0070 - 01 01 02 01 03 01 04 00-23 00 00 00 16 00 00 00   ........#.......
0080 - 17 00 00 00 0d 00 1e 00-1c 04 03 05 03 06 03 08   ................
0090 - 07 08 08 08 09 08 0a 08-0b 08 04 08 05 08 06 04   ................
00a0 - 01 05 01 06 01 00 2b 00-03 02 03 04 00 2d 00 02   ......+......-..
00b0 - 01 01 00 33 00 26 00 24-00 1d 00 20 68 16 3d 76   ...3.&.$... h.=v
00c0 - e4 1b 04 df 87 8e 01 25-a0 f0 63 e1 53 70 80 24   .......%..c.Sp.$
00d0 - ba f1 08 d9 8c 1f b4 9c-6d 6c 7b 2e               ........ml{.
SSL_accept:before SSL initialization
SSL_accept:SSLv3/TLS read client hello
SSL_accept:SSLv3/TLS write server hello
SSL_accept:SSLv3/TLS write change cipher spec
SSL_accept:TLSv1.3 write encrypted extensions
SSL_accept:SSLv3/TLS write certificate
SSL_accept:TLSv1.3 write server certificate verify
write to 0x12eee3d70 [0x12f026200] (1411 bytes => 1411 (0x583))
0000 - 16 03 03 00 7a 02 00 00-76 03 03 30 14 ba 46 8d   ....z...v..0..F.
0010 - 92 06 74 a7 51 b4 48 21-8c 68 51 1c 56 72 7a 85   ..t.Q.H!.hQ.Vrz.
0020 - 2c 0d fd fa 4f 38 a8 25-91 89 5d 20 b4 1b 05 bb   ,...O8.%..] ....
0030 - 99 6b 4b e9 1c 6f 47 af-ac 62 9f 91 5d e4 d2 79   .kK..oG..b..]..y
0040 - 11 d4 d4 8f 4f 8d cf 55-79 d4 09 06 13 02 00 00   ....O..Uy.......
0050 - 2e 00 2b 00 02 03 04 00-33 00 24 00 1d 00 20 5d   ..+.....3.$... ]
0060 - 46 fb ec 89 89 cf 86 a9-ec c1 04 a4 24 f7 44 19   F...........$.D.
0070 - 2a 59 16 f7 a6 e8 4c 0e-90 9d 3f 0a f6 7a 5a 14   *Y....L...?..zZ.
0080 - 03 03 00 01 01 17 03 03-00 17 f8 9d 25 c0 fb 73   ............%..s
0090 - 4d 49 c7 71 78 16 47 15-c0 c5 45 f6 6f 06 35 da   MI.qx.G...E.o.5.
00a0 - a3 17 03 03 03 75 26 c1-eb 59 f6 62 fb 29 a5 92   .....u&..Y.b.)..
00b0 - 53 58 a2 1f 5e d8 1f 30-94 21 f3 64 07 3c 20 6b   SX..^..0.!.d.< k
00c0 - b3 a2 be 71 24 bc a1 1b-9f 12 46 b8 b7 58 d5 2b   ...q$.....F..X.+
00d0 - c2 2e 39 5f 9b e3 83 49-e5 12 f9 3b 68 73 ba 9a   ..9_...I...;hs..
00e0 - 82 3d 1c 50 ba 98 36 7a-f1 8b cc 21 68 ab b3 16   .=.P..6z...!h...
00f0 - d1 69 d7 65 7e 78 47 5b-ba 21 85 48 7a e4 63 59   .i.e~xG[.!.Hz.cY
0100 - 51 cb aa 03 9b d3 df 6b-92 83 93 6d cb e5 4c c9   Q......k...m..L.
0110 - 12 13 6d 72 e0 ba 6a 01-65 a0 cd ac 8d 72 d4 31   ..mr..j.e....r.1
0120 - 0e 1d 87 da 9e 90 df 60-a0 b8 b1 bf 5f 84 a1 03   .......`...._...
0130 - a2 26 e0 63 a6 b4 44 90-62 2b 20 ea e4 e2 c7 77   .&.c..D.b+ ....w
0140 - c5 cc 9b fd aa 98 f8 b7-84 7c 28 3e c0 1a e0 07   .........|(>....
0150 - 36 f8 62 cf f9 8d 3b 6d-fe 63 b7 fe 02 61 59 44   6.b...;m.c...aYD
0160 - 63 8d 84 9c a3 ad 6e 2c-38 05 f0 67 95 bf ed 4f   c.....n,8..g...O
0170 - 5a 51 20 f9 30 cb 24 bf-7e d3 7a a5 42 77 cf 0a   ZQ .0.$.~.z.Bw..
0180 - fd 96 4a c7 6a df bf c4-74 5f 9c c7 31 bd 6f 10   ..J.j...t_..1.o.
0190 - b7 c6 b3 66 01 8a ad f3-a2 2c fe 25 45 e5 64 00   ...f.....,.%E.d.
01a0 - 87 c5 4b c7 35 cf 21 b0-d0 b6 3d a5 fb 15 da f2   ..K.5.!...=.....
01b0 - 6c b2 2c ed 55 f5 ae fd-82 47 4c 33 ee 78 61 9d   l.,.U....GL3.xa.
01c0 - cd 6f 9a 74 e1 f2 8d 76-ab 49 c1 dd 2b 16 e7 3c   .o.t...v.I..+..<
01d0 - 4e 4b 4a f7 08 ac 4e a5-99 02 86 b3 46 47 0e 2c   NKJ...N.....FG.,
01e0 - ec 3f e0 b3 1c bd f4 0a-d3 0d 3d ae 41 41 a1 a6   .?........=.AA..
01f0 - 27 08 8f fd d1 79 d2 fe-f9 67 0d 32 44 53 f0 42   '....y...g.2DS.B
0200 - b3 5d 7f a6 41 7a 9a 60-a8 72 33 ed 6b 09 a3 85   .]..Az.`.r3.k...
0210 - 18 de 4d de 71 d4 36 13-0b 97 10 ea aa be b9 1d   ..M.q.6.........
0220 - 35 00 82 b9 c5 40 50 8d-e5 6f bd b4 49 90 a8 45   5....@P..o..I..E
0230 - 5c 22 2e 9b d2 0f b5 74-e5 fb 17 74 e4 40 4d 87   \".....t...t.@M.
0240 - 39 cd c4 42 53 8f e4 0f-4f 3b 29 b0 9c f1 3d d7   9..BS...O;)...=.
0250 - 80 31 5e 64 1c 76 c8 10-9f 14 c0 d5 03 de cc 63   .1^d.v.........c
0260 - 53 99 d5 c1 47 45 84 a1-36 e8 41 14 a3 39 fa 53   S...GE..6.A..9.S
0270 - 69 e1 6b 11 3a 03 e1 f2-ca 60 0e 52 ae 14 e2 16   i.k.:....`.R....
0280 - 82 45 42 b3 16 bf cd ef-47 53 2b 11 e0 a9 e2 e7   .EB.....GS+.....
0290 - 55 17 5b 77 8a 65 25 57-2a 4e 5c 91 16 ea 30 c5   U.[w.e%W*N\...0.
02a0 - d7 7a 81 45 43 27 ac 5c-26 d3 0d 2b fc 90 f4 f4   .z.EC'.\&..+....
02b0 - ff 68 98 b5 9b 55 7c c5-de c2 8a 93 03 60 34 be   .h...U|......`4.
02c0 - b0 90 41 2b a9 2f b7 b7-34 d9 f2 ab 0f 7f 5d 25   ..A+./..4.....]%
02d0 - 4b 39 0f 03 89 86 a9 fc-07 73 f3 8d 75 4b 4f f0   K9.......s..uKO.
02e0 - f4 5e 62 ac 36 b2 19 0f-74 76 bd bf 24 15 cd 1b   .^b.6...tv..$...
02f0 - ce 2d 08 02 33 c9 ad ba-c6 3b 55 2e 29 b2 5f 3a   .-..3....;U.)._:
0300 - 2e 8c e5 2e ab 58 1e ca-8d a4 07 52 73 8b 43 f8   .....X.....Rs.C.
0310 - 96 f1 99 c5 ea db e9 f4-d8 a9 9c 4d 39 8b b3 50   ...........M9..P
0320 - 3d 84 33 70 e4 f3 d2 38-04 d9 75 ce 7d ee 38 d1   =.3p...8..u.}.8.
0330 - 41 b8 49 b3 ca ed 19 b8-d8 e8 97 26 77 85 f8 85   A.I........&w...
0340 - fa c9 93 ae 3f 74 a1 87-b7 79 3a 63 f0 73 e1 26   ....?t...y:c.s.&
0350 - ad b4 e6 6d 37 c1 a2 5b-34 38 9b a2 5e 2e f5 0f   ...m7..[48..^...
0360 - 9e d2 96 40 d0 6a cd ba-32 dd 38 4d ee 44 5d d2   ...@.j..2.8M.D].
0370 - dd 65 da 97 3f e6 dc 87-97 f2 86 10 04 ee 74 9d   .e..?.........t.
0380 - 79 99 a6 52 ef 8b 4f 0c-34 a8 13 bd e7 02 06 66   y..R..O.4......f
0390 - 0b 4b 6e b2 bd 4c 95 71-64 8a 8f b1 92 dd 15 4e   .Kn..L.qd......N
03a0 - f7 8e 58 b7 bc 7c 0e b8-4d e9 6d e0 29 2d 58 ec   ..X..|..M.m.)-X.
03b0 - ec 82 c4 64 8d cf 44 4d-e6 d7 bc d2 32 c1 26 73   ...d..DM....2.&s
03c0 - 4e d6 b1 8a 5c 39 db 5f-a0 94 4b a2 60 ac 59 0d   N...\9._..K.`.Y.
03d0 - 9c 79 38 2e 01 3b 80 11-79 1d b5 27 86 47 ba b0   .y8..;..y..'.G..
03e0 - da c2 3a 4c ac e8 f9 93-6e da 42 3f d5 4c 72 17   ..:L....n.B?.Lr.
03f0 - 68 e7 8f 35 42 d2 e6 b0-4e a7 55 0f e1 4c 67 a2   h..5B...N.U..Lg.
0400 - 0a dd 85 be 55 17 2f 10-ab 83 ec 13 c6 58 da 32   ....U./......X.2
0410 - 96 aa 62 53 55 52 c8 51-2a 72 d8 17 03 03 01 19   ..bSUR.Q*r......
0420 - 33 09 bc 96 86 8d 20 3e-12 66 43 c2 00 6b 9d 78   3..... >.fC..k.x
0430 - 5d 07 0b f3 ce 81 08 99-3b d1 c9 b8 92 0d 21 9c   ].......;.....!.
0440 - 15 69 c0 f5 32 97 fe cd-e2 82 ea 04 4a 4a 9d 8c   .i..2.......JJ..
0450 - e6 2a 9c 1b 94 da 6a 54-2a ce 76 2e 44 16 5a 3a   .*....jT*.v.D.Z:
0460 - b8 54 92 1e 8c dc d1 08-3b 4e ff 93 92 e8 fa 5b   .T......;N.....[
0470 - b0 f8 1a ed a3 a4 e1 63-52 cf f9 ad aa 9f 4e 88   .......cR.....N.
0480 - 5e 1b e6 f5 97 ca e2 00-a3 d7 aa 48 ee cd 2d 0f   ^..........H..-.
0490 - fb 27 b1 88 8b 31 b0 60-14 c2 7a a7 a7 07 43 2d   .'...1.`..z...C-
04a0 - 99 b2 dd ec 6c cd 4e 49-bf 1e 46 77 6c f5 d7 b6   ....l.NI..Fwl...
04b0 - a6 64 f8 1b 19 54 c1 93-f0 03 dd ef d0 57 60 3e   .d...T.......W`>
04c0 - e4 85 b6 02 de cb 83 b0-87 d9 2d 39 08 28 77 0f   ..........-9.(w.
04d0 - f6 44 49 26 07 61 09 7e-d8 ae 3f a4 0f 13 88 bd   .DI&.a.~..?.....
04e0 - a2 34 c7 fd 65 07 fe 20-dd 96 1e 02 40 c7 c9 88   .4..e.. ....@...
04f0 - e7 e3 96 07 06 8c 77 1b-92 c8 9d ff fb 03 72 64   ......w.......rd
0500 - fb b7 d7 b5 9a 0a 77 c9-ea 64 d5 31 60 d3 b9 8f   ......w..d.1`...
0510 - 41 b0 cf c6 3e d8 13 f1-26 92 a3 85 7b 3c cd ce   A...>...&...{<..
0520 - db 96 b4 07 01 38 3e 47-12 93 8e 99 84 07 04 98   .....8>G........
0530 - 30 c7 71 6d 06 72 73 98-53 17 03 03 00 45 e1 c0   0.qm.rs.S....E..
0540 - 43 88 53 90 b1 54 89 c6-07 82 82 1a c1 eb 1b 15   C.S..T..........
0550 - c4 54 12 6f d6 e2 3e 59-e3 81 41 cf 29 47 9d 22   .T.o..>Y..A.)G."
0560 - 13 2c b5 9a e2 e4 46 11-e0 23 05 9d 91 1e 52 e7   .,....F..#....R.
0570 - 26 23 4b 14 32 96 e6 d6-4c 22 8a 8a 04 0a d0 5e   &#K.2...L".....^
0580 - 9c f8 93                                          ...
SSL_accept:SSLv3/TLS write finished
SSL_accept:TLSv1.3 early data
read from 0x12eee3d70 [0x12f01ce03] (5 bytes => 5 (0x5))
0000 - 14 03 03 00 01                                    .....
read from 0x12eee3d70 [0x12f01ce08] (1 bytes => 1 (0x1))
0000 - 01                                                .
read from 0x12eee3d70 [0x12f01ce03] (5 bytes => 5 (0x5))
0000 - 17 03 03 00 45                                    ....E
read from 0x12eee3d70 [0x12f01ce08] (69 bytes => 69 (0x45))
0000 - f6 0f 4f e4 8a 9c d7 ad-a4 02 d0 6d 7b f5 0b 86   ..O........m{...
0010 - 5f 90 7b 8b 2b 07 63 b3-d8 68 b9 9d ee 5f 6e c0   _.{.+.c..h..._n.
0020 - 89 43 2d 5f ca ad bc b9-57 3a 10 88 95 b1 89 e9   .C-_....W:......
0030 - 4b 7d ec c5 6e 4c 30 63-5e 9e 2e ee 62 09 37 fb   K}..nL0c^...b.7.
0040 - 19 19 70 6b 61                                    ..pka
SSL_accept:TLSv1.3 early data
SSL_accept:SSLv3/TLS read finished
write to 0x12eee3d70 [0x12f026200] (255 bytes => 255 (0xFF))
0000 - 17 03 03 00 fa 60 dc a7-e0 b1 7c 73 02 2d 65 68   .....`....|s.-eh
0010 - ab ab 42 7b d1 71 0f 74-c1 8e bc 0e d5 25 1b 1c   ..B{.q.t.....%..
0020 - 14 1e 2e 2e 60 c1 5f ed-0e b1 f4 7e 6d db a8 45   ....`._....~m..E
0030 - 7d 72 da ea 4d e9 cd 45-18 10 49 6c 63 ec 30 03   }r..M..E..Ilc.0.
0040 - c6 ac 08 a8 c3 d8 f8 7a-7a 61 eb 70 8d 2c e4 1f   .......zza.p.,..
0050 - 7b 08 02 b3 e3 00 7c f3-59 1c 62 e7 15 9d fa 5d   {.....|.Y.b....]
0060 - 31 62 02 9b 96 e0 5d 09-59 71 00 e0 37 5e 43 5f   1b....].Yq..7^C_
0070 - 99 fa 12 08 39 e9 93 31-74 07 d0 e8 c3 bb e6 68   ....9..1t......h
0080 - f4 a1 40 f2 da b0 2b e1-1e 97 29 72 81 a5 fa 70   ..@...+...)r...p
0090 - 64 bd ff ed 06 48 c2 2b-1d e2 f2 b9 59 29 85 24   d....H.+....Y).$
00a0 - ba ff 38 d7 24 f9 33 f3-4d db 60 a0 e3 d3 56 1d   ..8.$.3.M.`...V.
00b0 - 8d fc 1c ac 33 53 54 fd-51 e2 a8 d2 7e 3c fe 89   ....3ST.Q...~<..
00c0 - c4 6e a5 3f 24 13 f0 de-d5 37 f0 01 04 ed 47 cf   .n.?$....7....G.
00d0 - c4 da d3 e2 b1 a5 75 5f-c4 29 9c 34 be 4c e1 d3   ......u_.).4.L..
00e0 - 3d 73 cc 03 a7 ed 89 0f-55 4b 7c 7f c9 77 6d b8   =s......UK|..wm.
00f0 - 4d fc 20 b4 fc 41 88 1c-0c fb d3 f4 27 0c a7      M. ..A......'..
SSL_accept:SSLv3/TLS write session ticket
write to 0x12eee3d70 [0x12f026200] (255 bytes => 255 (0xFF))
0000 - 17 03 03 00 fa a3 6c e3-60 bf bd 49 72 17 aa 1e   ......l.`..Ir...
0010 - 50 cc 78 fa 2e 2e b3 67-65 81 2e 34 a6 3e de 3c   P.x....ge..4.>.<
0020 - 34 14 44 ac ba a8 46 95-fa 6f 81 5e be 51 19 2f   4.D...F..o.^.Q./
0030 - 4b 5c e2 e0 de 0e f2 e1-2c 45 91 58 be 81 60 bc   K\......,E.X..`.
0040 - 4d 87 a6 8d c9 c3 db c8-81 53 e8 2a 30 92 b8 bc   M........S.*0...
0050 - 42 9b 26 58 53 30 05 80-62 3c 98 d3 b1 43 3b 65   B.&XS0..b<...C;e
0060 - 98 cc 16 ac 24 c0 2f 9a-f5 47 80 3c 85 51 78 7d   ....$./..G.<.Qx}
0070 - 4e f6 cf 45 6d 80 14 bc-4c 9f 7b 31 dd bf ae 35   N..Em...L.{1...5
0080 - 4f cd 89 69 47 4d 80 35-00 39 5e f1 68 65 b4 38   O..iGM.5.9^.he.8
0090 - 93 ad ce 4c 71 3a 23 dc-37 8d f0 cb 72 cb 12 c9   ...Lq:#.7...r...
00a0 - 48 17 96 33 56 88 98 f8-4e a8 5f b6 60 70 49 c2   H..3V...N._.`pI.
00b0 - cd 2e f1 4a 95 05 eb c3-10 74 e9 f5 61 7d 82 a5   ...J.....t..a}..
00c0 - 0a 4d 37 4e 33 88 bd 82-5b 30 2a 2e 46 cc 2b fd   .M7N3...[0*.F.+.
00d0 - 31 a7 e7 1f ad 23 97 ea-ec 6f ce 56 4f c4 8c fc   1....#...o.VO...
00e0 - ff ac ca 66 b4 6d d2 2f-15 70 62 2d e5 10 f1 dc   ...f.m./.pb-....
00f0 - 32 6d bf 03 94 ac 40 f3-41 d1 4d 4e 0a b2 c7      2m....@.A.MN...
SSL_accept:SSLv3/TLS write session ticket
-----BEGIN SSL SESSION PARAMETERS-----
MIGCAgEBAgIDBAQCEwIEID/cYP2qymcfz/dpXhZGhbXN1SSY5MwfXnNK1dQh4frM
BDBF43PA8adv2IcQ1rLg+FwQU9A22tcHzkkDEi9m21wV6+o7XSyUNxc0v75SrCdz
hPGhBgIEZVJAiaIEAgIcIKQGBAQBAAAArgYCBAQsxtuzAwIBHQ==
-----END SSL SESSION PARAMETERS-----
Shared ciphers:TLS_AES_256_GCM_SHA384:TLS_CHACHA20_POLY1305_SHA256:TLS_AES_128_GCM_SHA256
Signature Algorithms: ECDSA+SHA256:ECDSA+SHA384:ECDSA+SHA512:Ed25519:Ed448:RSA-PSS+SHA256:RSA-PSS+SHA384:RSA-PSS+SHA512:RSA-PSS+SHA256:RSA-PSS+SHA384:RSA-PSS+SHA512:RSA+SHA256:RSA+SHA384:RSA+SHA512
Shared Signature Algorithms: ECDSA+SHA256:ECDSA+SHA384:ECDSA+SHA512:Ed25519:Ed448:RSA-PSS+SHA256:RSA-PSS+SHA384:RSA-PSS+SHA512:RSA-PSS+SHA256:RSA-PSS+SHA384:RSA-PSS+SHA512:RSA+SHA256:RSA+SHA384:RSA+SHA512
Supported groups: x25519:secp256r1:x448:secp521r1:secp384r1:ffdhe2048:ffdhe3072:ffdhe4096:ffdhe6144:ffdhe8192
Shared groups: x25519:secp256r1:x448:secp521r1:secp384r1:ffdhe2048:ffdhe3072:ffdhe4096:ffdhe6144:ffdhe8192
CIPHER is TLS_AES_256_GCM_SHA384
This TLS version forbids renegotiation.
read from 0x12eee3d70 [0x12f01ce03] (5 bytes => 5 (0x5))
0000 - 17 03 03 00 62                                    ....b
read from 0x12eee3d70 [0x12f01ce08] (98 bytes => 98 (0x62))
0000 - de a0 da d8 87 bf 34 a8-c2 cf b1 2d bc 78 b2 08   ......4....-.x..
0010 - ac c7 8f 00 bd 93 3d 94-6a a1 27 8f 7d 7c 63 52   ......=.j.'.}|cR
0020 - 28 ae ca 74 14 8f d6 df-64 2f fc 86 77 5c ca 4a   (..t....d/..w\.J
0030 - e1 19 2f 66 8d 4b db 14-dc 0c 3b 9f 8a 25 f9 fc   ../f.K....;..%..
0040 - af 0f 66 2a 5a 40 53 0e-e9 fd b5 21 bd 50 76 64   ..f*Z@S....!.Pvd
0050 - 30 77 d7 1c f3 84 22 c8-4d 0d f5 a9 b7 1a b9 78   0w....".M......x
0060 - 57 8c                                             W.
Hi server! Im always wondering why I have so many projects... I feal frustrated.
read from 0x12eee3d70 [0x12f01ce03] (5 bytes => 0)
write to 0x12eee3d70 [0x12f021003] (24 bytes => 24 (0x18))
0000 - 17 03 03 00 13 64 f2 32-ce 29 8c 24 c6 6f cb 1d   .....d.2.).$.o..
0010 - 0f 17 ec d2 4e ec 73 d0-                          ....N.s.